<?xml version="1.0" encoding="UTF-8"?>
<!-- Generated by org.testng.reporters.JUnitXMLReporter -->
<testsuite ignored="5" hostname="DESKTOP-BMDQDQJ" failures="1" tests="2" name="Test" time="22.957" errors="0" timestamp="28 Oct 2020 14:03:54 GMT">
  <testcase classname="suite.test.Pdp_BMG_Test" name="pdp_bmg_4" time="0.867">
    <failure type="org.openqa.selenium.WebDriverException" message="unknown error: cannot determine loading status
from disconnected: received Inspector.detached event
  (Session info: chrome=86.0.4240.111)
Build info: version: &amp;apos;3.141.59&amp;apos;, revision: &amp;apos;e82be7d358&amp;apos;, time: &amp;apos;2018-11-14T08:17:03&amp;apos;
System info: host: &amp;apos;DESKTOP-BMDQDQJ&amp;apos;, ip: &amp;apos;192.168.15.204&amp;apos;, os.name: &amp;apos;Windows 10&amp;apos;, os.arch: &amp;apos;amd64&amp;apos;, os.version: &amp;apos;10.0&amp;apos;, java.version: &amp;apos;13.0.2&amp;apos;
Driver info: org.openqa.selenium.chrome.ChromeDriver
Capabilities {acceptInsecureCerts: false, browserName: chrome, browserVersion: 86.0.4240.111, chrome: {chromedriverVersion: 86.0.4240.22 (398b0743353ff..., userDataDir: C:\Users\KULDEE~1\AppData\L...}, goog:chromeOptions: {debuggerAddress: localhost:57821}, javascriptEnabled: true, networkConnectionEnabled: false, pageLoadStrategy: normal, platform: WINDOWS, platformName: WINDOWS, proxy: Proxy(), setWindowRect: true, strictFileInteractability: false, timeouts: {implicit: 0, pageLoad: 300000, script: 30000}, unhandledPromptBehavior: accept, webauthn:virtualAuthenticators: true}
Session ID: 9096898f1beb4041d02cc03ed86765ba">
      <![CDATA[org.openqa.selenium.WebDriverException: unknown error: cannot determine loading status
from disconnected: received Inspector.detached event
  (Session info: chrome=86.0.4240.111)
Build info: version: '3.141.59', revision: 'e82be7d358', time: '2018-11-14T08:17:03'
System info: host: 'DESKTOP-BMDQDQJ', ip: '192.168.15.204', os.name: 'Windows 10', os.arch: 'amd64', os.version: '10.0', java.version: '13.0.2'
Driver info: org.openqa.selenium.chrome.ChromeDriver
Capabilities {acceptInsecureCerts: false, browserName: chrome, browserVersion: 86.0.4240.111, chrome: {chromedriverVersion: 86.0.4240.22 (398b0743353ff..., userDataDir: C:\Users\KULDEE~1\AppData\L...}, goog:chromeOptions: {debuggerAddress: localhost:57821}, javascriptEnabled: true, networkConnectionEnabled: false, pageLoadStrategy: normal, platform: WINDOWS, platformName: WINDOWS, proxy: Proxy(), setWindowRect: true, strictFileInteractability: false, timeouts: {implicit: 0, pageLoad: 300000, script: 30000}, unhandledPromptBehavior: accept, webauthn:virtualAuthenticators: true}
Session ID: 9096898f1beb4041d02cc03ed86765ba
at org.openqa.selenium.remote.http.W3CHttpResponseCodec.createException(W3CHttpResponseCodec.java:187)
at org.openqa.selenium.remote.http.W3CHttpResponseCodec.decode(W3CHttpResponseCodec.java:122)
at org.openqa.selenium.remote.http.W3CHttpResponseCodec.decode(W3CHttpResponseCodec.java:49)
at org.openqa.selenium.remote.HttpCommandExecutor.execute(HttpCommandExecutor.java:158)
at org.openqa.selenium.remote.service.DriverCommandExecutor.execute(DriverCommandExecutor.java:83)
at org.openqa.selenium.remote.RemoteWebDriver.execute(RemoteWebDriver.java:552)
at org.openqa.selenium.remote.RemoteWebDriver.get(RemoteWebDriver.java:277)
at org.openqa.selenium.remote.RemoteWebDriver$RemoteNavigation.to(RemoteWebDriver.java:857)
at org.openqa.selenium.support.events.EventFiringWebDriver$EventFiringNavigation.to(EventFiringWebDriver.java:569)
at suite.base.PageBase.NavigatetoPage(PageBase.java:184)
at suite.page.Pdp_BMG_Page.getPdpPage(Pdp_BMG_Page.java:150)
at suite.test.Pdp_BMG_Test.pdp_bmg_4(Pdp_BMG_Test.java:80)
... Removed 30 stack frames]]>
    </failure>
  </testcase> <!-- pdp_bmg_4 -->
  <testcase classname="suite.base.TestBase" name="test1" time="0.0">
    <skipped/>
  </testcase> <!-- test1 -->
  <testcase classname="suite.test.Pdp_BMG_Test" name="pdp_bmg_6" time="0.0">
    <ignored/>
  </testcase> <!-- pdp_bmg_6 -->
  <testcase classname="suite.test.Pdp_BMG_Test" name="pdp_bmg_2" time="0.0">
    <ignored/>
  </testcase> <!-- pdp_bmg_2 -->
  <testcase classname="suite.test.Pdp_BMG_Test" name="pdp_bmg_5" time="0.0">
    <ignored/>
  </testcase> <!-- pdp_bmg_5 -->
  <testcase classname="suite.test.Pdp_BMG_Test" name="pdp_bmg_1" time="0.0">
    <ignored/>
  </testcase> <!-- pdp_bmg_1 -->
  <testcase classname="suite.test.Pdp_BMG_Test" name="pdp_bmg_3" time="0.0">
    <ignored/>
  </testcase> <!-- pdp_bmg_3 -->
</testsuite> <!-- Test -->
